<?xml version="1.0" encoding="UTF-8"?>
<!-- Generated by org.testng.reporters.JUnitXMLReporter -->
<testsuite hostname="Arun" ignored="0" name="HomePageTests" tests="4" failures="0" timestamp="2021-08-07T16:18:04 SGT" time="77.727" errors="0">
  <testcase name="verifyMenu" time="5.806" classname="com.tests.HomePageTest"/>
  <testcase name="verifyContactFillWithoutSubmit" time="7.084" classname="com.tests.HomePageTest"/>
  <testcase name="verifyContactFillWithSubmit" time="7.517" classname="com.tests.HomePageTest"/>
  <testcase name="compareScreenshotTest" time="4.605" classname="com.tests.HomePageTest"/>
</testsuite> <!-- HomePageTests -->
